生成启动时间为 2023/1/17 11:08:26。
     1>项目“C:\Users\86183\Desktop\学习\算法系统学习\栈与队列\本章习题\本章习题\本章习题.vcxproj”在节点 2 上(Build 个目标)。
     1>ClCompile:
         C:\Program Files (x86)\Microsoft Visual Studio 12.0\VC\bin\CL.exe /c /ZI /nologo /W3 /WX- /sdl /Od /Oy- /D _UNICODE /D UNICODE /Gm /EHsc /RTC1 /MDd /GS /fp:precise /Zc:wchar_t /Zc:forScope /Fo"Debug\\" /Fd"Debug\vc120.pdb" /Gd /TP /analyze- /errorReport:prompt Exercise10.cpp
         Exercise10.cpp
     1>c:\users\86183\desktop\学习\算法系统学习\栈与队列\本章习题\本章习题\exercise10.cpp(53): warning C4715: “link_getmax”: 不是所有的控件路径都返回值
     1>c:\users\86183\desktop\学习\算法系统学习\栈与队列\本章习题\本章习题\exercise10.cpp(69): warning C4715: “link_getnodenum”: 不是所有的控件路径都返回值
     1>c:\users\86183\desktop\学习\算法系统学习\栈与队列\本章习题\本章习题\exercise10.cpp(84): warning C4715: “link_averagenum”: 不是所有的控件路径都返回值
       Link:
         C:\Program Files (x86)\Microsoft Visual Studio 12.0\VC\bin\link.exe /ERRORREPORT:PROMPT /OUT:"C:\Users\86183\Desktop\学习\算法系统学习\栈与队列\本章习题\Debug\本章习题.exe" /INCREMENTAL /NOLOGO kernel32.lib user32.lib gdi32.lib winspool.lib comdlg32.lib advapi32.lib shell32.lib ole32.lib oleaut32.lib uuid.lib odbc32.lib odbccp32.lib /MANIFEST /MANIFESTUAC:"level='asInvoker' uiAccess='false'" /manifest:embed /DEBUG /PDB:"C:\Users\86183\Desktop\学习\算法系统学习\栈与队列\本章习题\Debug\本章习题.pdb" /SUBSYSTEM:CONSOLE /TLBID:1 /DYNAMICBASE /NXCOMPAT /IMPLIB:"C:\Users\86183\Desktop\学习\算法系统学习\栈与队列\本章习题\Debug\本章习题.lib" /MACHINE:X86 Debug\Exercise01.obj
         Debug\Exercise02.obj
         Debug\Exercise03.obj
         Debug\Exercise04.obj
         Debug\Exercise05.obj
         Debug\Exercise06.obj
         Debug\Exercise07.obj
         Debug\Exercise08.obj
         Debug\Exercise09.obj
         Debug\Exercise10.obj
         本章习题.vcxproj -> C:\Users\86183\Desktop\学习\算法系统学习\栈与队列\本章习题\Debug\本章习题.exe
     1>已完成生成项目“C:\Users\86183\Desktop\学习\算法系统学习\栈与队列\本章习题\本章习题\本章习题.vcxproj”(Build 个目标)的操作。

生成成功。

已用时间 00:00:00.60
